Configuration completed.
[runner | emulator load] loaded emulator from '/home/dell/haxrd/plots/1_BM400/results_1_self_comparison/BM400_ABS5_GU100_default/emulator_ckpts/best_emulator.pt'.
[runner | mutation-kmeans] start.
[runner | mutation-kmeans] generate 1285 different P_ABSs for planning.
[runner | mutation-kmeans | 1.5954279899597168s] done.
[runner | mutation-kmeans] start.
[runner | mutation-kmeans] generate 2570 different P_ABSs for planning.
[runner | mutation-kmeans | 2.462249994277954s] done.
[runner | mutation-kmeans] start.
[runner | mutation-kmeans] generate 1285 different P_ABSs for planning.
[runner | mutation-kmeans | 1.5272293090820312s] done.
[runner | mutation-kmeans] start.
[runner | mutation-kmeans] generate 2056 different P_ABSs for planning.
[runner | mutation-kmeans | 2.0436906814575195s] done.
[runner | mutation-kmeans] start.
[runner | mutation-kmeans] generate 1799 different P_ABSs for planning.
[runner | mutation-kmeans | 1.851179599761963s] done.
[runner | mutation-kmeans] start.
[runner | mutation-kmeans] generate 1285 different P_ABSs for planning.
[runner | mutation-kmeans | 1.565636396408081s] done.
[runner | mutation-kmeans] start.
[runner | mutation-kmeans] generate 3598 different P_ABSs for planning.
[runner | mutation-kmeans | 3.1121926307678223s] done.
[runner | mutation-kmeans] start.
[runner | mutation-kmeans] generate 2570 different P_ABSs for planning.
[runner | mutation-kmeans | 2.410090684890747s] done.
[runner | mutation-kmeans] start.
[runner | mutation-kmeans] generate 2313 different P_ABSs for planning.
[runner | mutation-kmeans | 2.282616376876831s] done.
[runner | mutation-kmeans] start.
[runner | mutation-kmeans] generate 2313 different P_ABSs for planning.
[runner | mutation-kmeans | 2.207205295562744s] done.
[runner | mutation-kmeans] start.
[runner | mutation-kmeans] generate 514 different P_ABSs for planning.
[runner | mutation-kmeans | 0.9648127555847168s] done.
[runner | mutation-kmeans] start.
[runner | mutation-kmeans] generate 1285 different P_ABSs for planning.
[runner | mutation-kmeans | 1.5409505367279053s] done.
[runner | mutation-kmeans] start.
[runner | mutation-kmeans] generate 2313 different P_ABSs for planning.
[runner | mutation-kmeans | 2.228410243988037s] done.
[runner | mutation-kmeans] start.
[runner | mutation-kmeans] generate 1542 different P_ABSs for planning.
[runner | mutation-kmeans | 1.772721529006958s] done.
[runner | mutation-kmeans] start.
[runner | mutation-kmeans] generate 1028 different P_ABSs for planning.
[runner | mutation-kmeans | 1.347785234451294s] done.
[runner | mutation-kmeans] start.
[runner | mutation-kmeans] generate 3084 different P_ABSs for planning.
[runner | mutation-kmeans | 2.7881827354431152s] done.
[runner | mutation-kmeans] start.
[runner | mutation-kmeans] generate 2313 different P_ABSs for planning.
[runner | mutation-kmeans | 2.2057316303253174s] done.
[runner | mutation-kmeans] start.
[runner | mutation-kmeans] generate 2570 different P_ABSs for planning.
[runner | mutation-kmeans | 2.483159303665161s] done.
[runner | mutation-kmeans] start.
[runner | mutation-kmeans] generate 1799 different P_ABSs for planning.
[runner | mutation-kmeans | 1.8764004707336426s] done.
[runner | mutation-kmeans] start.
[runner | mutation-kmeans] generate 1799 different P_ABSs for planning.
[runner | mutation-kmeans | 1.901411533355713s] done.
[runner | mutation-kmeans] start.
[runner | mutation-kmeans] generate 1542 different P_ABSs for planning.
[runner | mutation-kmeans | 1.7255566120147705s] done.
[runner | mutation-kmeans] start.
[runner | mutation-kmeans] generate 1542 different P_ABSs for planning.
[runner | mutation-kmeans | 1.7096691131591797s] done.
[runner | mutation-kmeans] start.
[runner | mutation-kmeans] generate 1799 different P_ABSs for planning.
[runner | mutation-kmeans | 1.9019012451171875s] done.
[runner | mutation-kmeans] start.
[runner | mutation-kmeans] generate 771 different P_ABSs for planning.
[runner | mutation-kmeans | 1.1662609577178955s] done.
[runner | mutation-kmeans] start.
[runner | mutation-kmeans] generate 771 different P_ABSs for planning.
[runner | mutation-kmeans | 1.1561927795410156s] done.
[runner | mutation-kmeans] start.
[runner | mutation-kmeans] generate 2827 different P_ABSs for planning.
[runner | mutation-kmeans | 2.6842525005340576s] done.
[runner | mutation-kmeans] start.
[runner | mutation-kmeans] generate 2313 different P_ABSs for planning.
[runner | mutation-kmeans | 2.2532708644866943s] done.
[runner | mutation-kmeans] start.
[runner | mutation-kmeans] generate 3341 different P_ABSs for planning.
[runner | mutation-kmeans | 2.994657516479492s] done.
[runner | mutation-kmeans] start.
[runner | mutation-kmeans] generate 1542 different P_ABSs for planning.
[runner | mutation-kmeans | 1.683997392654419s] done.
[runner | mutation-kmeans] start.
[runner | mutation-kmeans] generate 2056 different P_ABSs for planning.
[runner | mutation-kmeans | 2.0956380367279053s] done.
[runner | mutation-kmeans] start.
[runner | mutation-kmeans] generate 514 different P_ABSs for planning.
[runner | mutation-kmeans | 0.9612059593200684s] done.
[runner | mutation-kmeans] start.
[runner | mutation-kmeans] generate 1028 different P_ABSs for planning.
[runner | mutation-kmeans | 1.3272192478179932s] done.
[runner | mutation-kmeans] start.
[runner | mutation-kmeans] generate 771 different P_ABSs for planning.
[runner | mutation-kmeans | 1.1587121486663818s] done.
[runner | mutation-kmeans] start.
[runner | mutation-kmeans] generate 1542 different P_ABSs for planning.
[runner | mutation-kmeans | 1.7197296619415283s] done.
[runner | mutation-kmeans] start.
[runner | mutation-kmeans] generate 1799 different P_ABSs for planning.
[runner | mutation-kmeans | 1.9079160690307617s] done.
[runner | mutation-kmeans] start.
[runner | mutation-kmeans] generate 514 different P_ABSs for planning.
[runner | mutation-kmeans | 1.0180330276489258s] done.
[runner | mutation-kmeans] start.
[runner | mutation-kmeans] generate 1285 different P_ABSs for planning.
[runner | mutation-kmeans | 1.5513582229614258s] done.
[runner | mutation-kmeans] start.
[runner | mutation-kmeans] generate 1285 different P_ABSs for planning.
[runner | mutation-kmeans | 1.5135035514831543s] done.
[runner | mutation-kmeans] start.
[runner | mutation-kmeans] generate 771 different P_ABSs for planning.
[runner | mutation-kmeans | 1.156951904296875s] done.
[runner | mutation-kmeans] start.
[runner | mutation-kmeans] generate 257 different P_ABSs for planning.
[runner | mutation-kmeans | 0.793999433517456s] done.
[runner | mutation-kmeans] start.
[runner | mutation-kmeans] generate 514 different P_ABSs for planning.
[runner | mutation-kmeans | 0.9527654647827148s] done.
[runner | mutation-kmeans] start.
[runner | mutation-kmeans] generate 514 different P_ABSs for planning.
[runner | mutation-kmeans | 0.9993960857391357s] done.
[runner | mutation-kmeans] start.
[runner | mutation-kmeans] generate 771 different P_ABSs for planning.
[runner | mutation-kmeans | 1.1409504413604736s] done.
[runner | mutation-kmeans] start.
[runner | mutation-kmeans] generate 514 different P_ABSs for planning.
[runner | mutation-kmeans | 0.9603056907653809s] done.
[runner | mutation-kmeans] start.
[runner | mutation-kmeans] generate 514 different P_ABSs for planning.
[runner | mutation-kmeans | 0.9869494438171387s] done.
[runner | mutation-kmeans] start.
[runner | mutation-kmeans] generate 771 different P_ABSs for planning.
[runner | mutation-kmeans | 1.156386137008667s] done.
[runner | mutation-kmeans] start.
[runner | mutation-kmeans] generate 514 different P_ABSs for planning.
[runner | mutation-kmeans | 1.0041911602020264s] done.
[runner | mutation-kmeans] start.
[runner | mutation-kmeans] generate 1028 different P_ABSs for planning.
[runner | mutation-kmeans | 1.3143675327301025s] done.
[runner | mutation-kmeans] start.
[runner | mutation-kmeans] generate 514 different P_ABSs for planning.
[runner | mutation-kmeans | 0.9654695987701416s] done.
[runner | mutation-kmeans] start.
[runner | mutation-kmeans] generate 771 different P_ABSs for planning.
[runner | mutation-kmeans | 1.184480905532837s] done.
[runner | mutation-kmeans] start.
[runner | mutation-kmeans] generate 1542 different P_ABSs for planning.
[runner | mutation-kmeans | 1.7348949909210205s] done.
[runner | mutation-kmeans] start.
[runner | mutation-kmeans] generate 1285 different P_ABSs for planning.
[runner | mutation-kmeans | 1.5157568454742432s] done.
[runner | mutation-kmeans] start.
[runner | mutation-kmeans] generate 1028 different P_ABSs for planning.
[runner | mutation-kmeans | 1.3483071327209473s] done.
[runner | mutation-kmeans] start.
[runner | mutation-kmeans] generate 1285 different P_ABSs for planning.
[runner | mutation-kmeans | 1.5110383033752441s] done.
[runner | mutation-kmeans] start.
[runner | mutation-kmeans] generate 771 different P_ABSs for planning.
[runner | mutation-kmeans | 1.2113168239593506s] done.
[runner | mutation-kmeans] start.
[runner | mutation-kmeans] generate 514 different P_ABSs for planning.
[runner | mutation-kmeans | 0.9957311153411865s] done.
[runner | mutation-kmeans] start.
[runner | mutation-kmeans] generate 257 different P_ABSs for planning.
[runner | mutation-kmeans | 0.8354475498199463s] done.
[runner | mutation-kmeans] start.
[runner | mutation-kmeans] generate 257 different P_ABSs for planning.
[runner | mutation-kmeans | 0.8470253944396973s] done.
[runner | mutation-kmeans] start.
[runner | mutation-kmeans] generate 514 different P_ABSs for planning.
[runner | mutation-kmeans | 0.9518096446990967s] done.
[runner | mutation-kmeans] start.
[runner | mutation-kmeans] generate 1542 different P_ABSs for planning.
[runner | mutation-kmeans | 1.9966135025024414s] done.
[runner | mutation-kmeans] start.
[runner | mutation-kmeans] generate 4369 different P_ABSs for planning.
[runner | mutation-kmeans | 3.7857394218444824s] done.
[runner | mutation-kmeans] start.
[runner | mutation-kmeans] generate 3598 different P_ABSs for planning.
[runner | mutation-kmeans | 3.147573471069336s] done.
[runner | mutation-kmeans] start.
[runner | mutation-kmeans] generate 2827 different P_ABSs for planning.
[runner | mutation-kmeans | 2.6958370208740234s] done.
[runner | mutation-kmeans] start.
[runner | mutation-kmeans] generate 2056 different P_ABSs for planning.
[runner | mutation-kmeans | 2.015587091445923s] done.
[runner | mutation-kmeans] start.
[runner | mutation-kmeans] generate 1542 different P_ABSs for planning.
[runner | mutation-kmeans | 1.6501104831695557s] done.
[runner | mutation-kmeans] start.
[runner | mutation-kmeans] generate 3084 different P_ABSs for planning.
[runner | mutation-kmeans | 2.779226779937744s] done.
[runner | mutation-kmeans] start.
[runner | mutation-kmeans] generate 1285 different P_ABSs for planning.
[runner | mutation-kmeans | 1.515928030014038s] done.
[runner | mutation-kmeans] start.
[runner | mutation-kmeans] generate 1799 different P_ABSs for planning.
[runner | mutation-kmeans | 1.8912630081176758s] done.
[runner | mutation-kmeans] start.
[runner | mutation-kmeans] generate 1285 different P_ABSs for planning.
[runner | mutation-kmeans | 1.4844157695770264s] done.
[runner | mutation-kmeans] start.
[runner | mutation-kmeans] generate 3341 different P_ABSs for planning.
[runner | mutation-kmeans | 3.0260610580444336s] done.
[runner | mutation-kmeans] start.
[runner | mutation-kmeans] generate 2827 different P_ABSs for planning.
[runner | mutation-kmeans | 2.5944771766662598s] done.
[runner | mutation-kmeans] start.
[runner | mutation-kmeans] generate 514 different P_ABSs for planning.
[runner | mutation-kmeans | 0.9591763019561768s] done.
[runner | mutation-kmeans] start.
[runner | mutation-kmeans] generate 1799 different P_ABSs for planning.
[runner | mutation-kmeans | 1.939668893814087s] done.
[runner | mutation-kmeans] start.
[runner | mutation-kmeans] generate 514 different P_ABSs for planning.
[runner | mutation-kmeans | 0.9739441871643066s] done.
[runner | mutation-kmeans] start.
[runner | mutation-kmeans] generate 1285 different P_ABSs for planning.
[runner | mutation-kmeans | 1.5517351627349854s] done.
[runner | mutation-kmeans] start.
[runner | mutation-kmeans] generate 1542 different P_ABSs for planning.
[runner | mutation-kmeans | 1.695528268814087s] done.
[runner | mutation-kmeans] start.
[runner | mutation-kmeans] generate 1799 different P_ABSs for planning.
[runner | mutation-kmeans | 1.889357566833496s] done.
[runner | mutation-kmeans] start.
[runner | mutation-kmeans] generate 2056 different P_ABSs for planning.
[runner | mutation-kmeans | 2.101269245147705s] done.
[runner | mutation-kmeans] start.
[runner | mutation-kmeans] generate 3598 different P_ABSs for planning.
[runner | mutation-kmeans | 3.1581578254699707s] done.
[runner | mutation-kmeans] start.
[runner | mutation-kmeans] generate 2313 different P_ABSs for planning.
[runner | mutation-kmeans | 2.2264363765716553s] done.
[runner | mutation-kmeans] start.
[runner | mutation-kmeans] generate 2313 different P_ABSs for planning.
[runner | mutation-kmeans | 2.258530616760254s] done.
[runner | mutation-kmeans] start.
[runner | mutation-kmeans] generate 514 different P_ABSs for planning.
[runner | mutation-kmeans | 1.0002222061157227s] done.
[runner | mutation-kmeans] start.
[runner | mutation-kmeans] generate 771 different P_ABSs for planning.
[runner | mutation-kmeans | 1.1961042881011963s] done.
[runner | mutation-kmeans] start.
[runner | mutation-kmeans] generate 514 different P_ABSs for planning.
[runner | mutation-kmeans | 0.960174560546875s] done.
[runner | mutation-kmeans] start.
[runner | mutation-kmeans] generate 1285 different P_ABSs for planning.
[runner | mutation-kmeans | 1.5670974254608154s] done.
[runner | mutation-kmeans] start.
[runner | mutation-kmeans] generate 1028 different P_ABSs for planning.
[runner | mutation-kmeans | 1.360877275466919s] done.
[runner | mutation-kmeans] start.
[runner | mutation-kmeans] generate 1028 different P_ABSs for planning.
[runner | mutation-kmeans | 1.3316805362701416s] done.
[runner | mutation-kmeans] start.
[runner | mutation-kmeans] generate 1799 different P_ABSs for planning.
[runner | mutation-kmeans | 1.9231860637664795s] done.
[runner | mutation-kmeans] start.
[runner | mutation-kmeans] generate 1285 different P_ABSs for planning.
[runner | mutation-kmeans | 1.5922536849975586s] done.
[runner | mutation-kmeans] start.
[runner | mutation-kmeans] generate 1028 different P_ABSs for planning.
[runner | mutation-kmeans | 1.3713688850402832s] done.
[runner | mutation-kmeans] start.
[runner | mutation-kmeans] generate 1285 different P_ABSs for planning.
[runner | mutation-kmeans | 1.5335536003112793s] done.
[runner | mutation-kmeans] start.
[runner | mutation-kmeans] generate 1542 different P_ABSs for planning.
[runner | mutation-kmeans | 1.7381327152252197s] done.
[runner | mutation-kmeans] start.
[runner | mutation-kmeans] generate 1542 different P_ABSs for planning.
[runner | mutation-kmeans | 1.7118403911590576s] done.
[runner | mutation-kmeans] start.
[runner | mutation-kmeans] generate 2313 different P_ABSs for planning.
[runner | mutation-kmeans | 2.311753988265991s] done.
[runner | mutation-kmeans] start.
[runner | mutation-kmeans] generate 1542 different P_ABSs for planning.
[runner | mutation-kmeans | 1.7171528339385986s] done.
[runner | mutation-kmeans] start.
[runner | mutation-kmeans] generate 1542 different P_ABSs for planning.
[runner | mutation-kmeans | 1.6970255374908447s] done.
[runner | mutation-kmeans] start.
[runner | mutation-kmeans] generate 2570 different P_ABSs for planning.
[runner | mutation-kmeans | 2.480574131011963s] done.
[runner | mutation-kmeans] start.
[runner | mutation-kmeans] generate 4369 different P_ABSs for planning.
[runner | mutation-kmeans | 3.9265353679656982s] done.
[runner | mutation-kmeans] start.
[runner | mutation-kmeans] generate 2313 different P_ABSs for planning.
[runner | mutation-kmeans | 2.2745554447174072s] done.
[runner | mutation-kmeans] start.
[runner | mutation-kmeans] generate 1799 different P_ABSs for planning.
[runner | mutation-kmeans | 1.9192440509796143s] done.
